============================= test session starts =============================
platform win32 -- Python 3.13.12, pytest-9.1.1, pluggy-1.6.0 -- C:\Users\Administrator\.workbuddy\binaries\python\versions\3.13.12\python.exe
cachedir: .pytest_cache
rootdir: H:\learnflow-backend
configfile: pytest.ini (WARNING: ignoring pytest config in pyproject.toml!)
plugins: anyio-4.14.0, asyncio-1.4.0
asyncio: mode=Mode.AUTO, debug=False, asyncio_default_fixture_loop_scope=None, asyncio_default_test_loop_scope=function
collecting ... collected 449 items

tests/test_addiction_methods_v3.py::TestLossAversionEngine::test_streak_shield_basic PASSED [  0%]
tests/test_addiction_methods_v3.py::TestLossAversionEngine::test_streak_shield_zero PASSED [  0%]
tests/test_addiction_methods_v3.py::TestLossAversionEngine::test_streak_shield_multiple PASSED [  0%]
tests/test_addiction_methods_v3.py::TestLossAversionEngine::test_sunk_cost_reminder PASSED [  0%]
tests/test_addiction_methods_v3.py::TestFreshStartEngine::test_fresh_start_check PASSED [  1%]
tests/test_addiction_methods_v3.py::TestFreshStartEngine::test_weekly_reset PASSED [  1%]
tests/test_addiction_methods_v3.py::TestZeigarnikEngine::test_incomplete_reminder PASSED [  1%]
tests/test_addiction_methods_v3.py::TestZeigarnikEngine::test_progress_bar_mid PASSED [  1%]
tests/test_addiction_methods_v3.py::TestZeigarnikEngine::test_progress_bar_near_complete PASSED [  2%]
tests/test_addiction_methods_v3.py::TestZeigarnikEngine::test_progress_bar_empty PASSED [  2%]
tests/test_addiction_methods_v3.py::TestPeakEndRuleEngine::test_session_end_summary PASSED [  2%]
tests/test_addiction_methods_v3.py::TestSurpriseDelightEngine::test_roll_surprise PASSED [  2%]
tests/test_addiction_methods_v3.py::TestSurpriseDelightEngine::test_check_achievements_none PASSED [  2%]
tests/test_addiction_methods_v3.py::TestMindMappingEngine::test_generate_knowledge_map PASSED [  3%]
tests/test_addiction_methods_v3.py::TestMindMappingEngine::test_concept_bridge PASSED [  3%]
tests/test_addiction_methods_v3.py::TestDualCodingEngine::test_visual_prompt PASSED [  3%]
tests/test_addiction_methods_v3.py::TestDualCodingEngine::test_visual_card PASSED [  3%]
tests/test_addiction_methods_v3.py::TestInterleavingEngine::test_interleaved_plan PASSED [  4%]
tests/test_addiction_methods_v3.py::TestInterleavingEngine::test_adaptive_interleave PASSED [  4%]
tests/test_addiction_methods_v3.py::TestElaborationEngine::test_elaboration_prompt PASSED [  4%]
tests/test_addiction_methods_v3.py::TestElaborationEngine::test_generate_analogy PASSED [  4%]
tests/test_addiction_methods_v3.py::TestGenerationEffectEngine::test_fill_blank PASSED [  4%]
tests/test_addiction_methods_v3.py::TestGenerationEffectEngine::test_free_recall PASSED [  5%]
tests/test_addiction_methods_v3.py::TestLearningMethodOrchestratorV3::test_recommend_low_mastery PASSED [  5%]
tests/test_addiction_methods_v3.py::TestLearningMethodOrchestratorV3::test_recommend_high_mastery PASSED [  5%]
tests/test_addiction_methods_v3.py::TestLearningMethodOrchestratorV3::test_loading_tip PASSED [  5%]
tests/test_advanced_methods.py::TestAdvancedMethods::test_methods_added_to_tips PASSED [  6%]
tests/test_advanced_methods.py::TestPretestingEngine::test_generate_pre_test PASSED [  6%]
tests/test_advanced_methods.py::TestPretestingEngine::test_post_pretest_feedback_wrong PASSED [  6%]
tests/test_advanced_methods.py::TestSelfExplanationEngine::test_should_trigger PASSED [  6%]
tests/test_advanced_methods.py::TestSelfExplanationEngine::test_generate_prompt PASSED [  6%]
tests/test_advanced_methods.py::TestAnalogyBridgeEngine::test_analogy_for_known_topic PASSED [  7%]
tests/test_advanced_methods.py::TestAnalogyBridgeEngine::test_analogy_for_unknown_topic PASSED [  7%]
tests/test_advanced_methods.py::TestGodModeEngine::test_activate PASSED  [  7%]
tests/test_advanced_methods.py::TestGodModeEngine::test_check_available PASSED [  7%]
tests/test_advanced_methods.py::TestGodModeEngine::test_check_unavailable_today PASSED [  8%]
tests/test_advanced_methods.py::TestStrategyRecommender::test_new_topic_recommendation PASSED [  8%]
tests/test_advanced_methods.py::TestStrategyRecommender::test_high_mastery_recommendation PASSED [  8%]
tests/test_advanced_methods.py::TestStrategyRecommender::test_mid_mastery_recommendation PASSED [  8%]
tests/test_auth_v3.py::TestOAuthLoginLogic::test_oauth_provider_values PASSED [  8%]
tests/test_auth_v3.py::TestOAuthLoginLogic::test_oauth_provider_wechat PASSED [  9%]
tests/test_auth_v3.py::TestOAuthLoginLogic::test_oauth_default_role PASSED [  9%]
tests/test_auth_v3.py::TestLoginJSONRequest::test_json_request_fields PASSED [  9%]
tests/test_auth_v3.py::TestRegisterRequest::test_register_with_oauth PASSED [  9%]
tests/test_auth_v3.py::TestRegisterRequest::test_register_without_oauth PASSED [ 10%]
tests/test_auth_v3.py::TestRoleEndpoint::test_role_values_are_valid PASSED [ 10%]
tests/test_auth_v3.py::TestRoleEndpoint::test_role_not_modifiable_logic PASSED [ 10%]
tests/test_auth_v3.py::TestRoleSelectionFlow::test_demo_accounts_have_correct_roles PASSED [ 10%]
tests/test_deep_addiction.py::TestCuriosityEngine::test_generate_teaser_math PASSED [ 10%]
tests/test_deep_addiction.py::TestCuriosityEngine::test_generate_teaser_general PASSED [ 11%]
tests/test_deep_addiction.py::TestCuriosityEngine::test_generate_mystery_unlock PASSED [ 11%]
tests/test_deep_addiction.py::TestCuriosityEngine::test_generate_mystery_no_locked PASSED [ 11%]
tests/test_deep_addiction.py::TestCuriosityEngine::test_generate_cliffhanger PASSED [ 11%]
tests/test_deep_addiction.py::TestCollectionEngine::test_first_badge PASSED [ 12%]
tests/test_deep_addiction.py::TestCollectionEngine::test_streak_badge PASSED [ 12%]
tests/test_deep_addiction.py::TestCollectionEngine::test_no_duplicate_badges PASSED [ 12%]
tests/test_deep_addiction.py::TestCollectionEngine::test_collection_summary PASSED [ 12%]
tests/test_deep_addiction.py::TestFOMOEngine::test_get_active_challenges PASSED [ 12%]
tests/test_deep_addiction.py::TestFOMOEngine::test_fomo_nudge PASSED     [ 13%]
tests/test_deep_addiction.py::TestFOMOEngine::test_no_fomo_when_empty PASSED [ 13%]
tests/test_deep_addiction.py::TestFOMOEngine::test_peer_progress_nudge PASSED [ 13%]
tests/test_deep_addiction.py::TestStreakSanctification::test_milestone_day_7 PASSED [ 13%]
tests/test_deep_addiction.py::TestStreakSanctification::test_non_milestone_day PASSED [ 14%]
tests/test_deep_addiction.py::TestStreakSanctification::test_worship_message PASSED [ 14%]
tests/test_deep_addiction.py::TestAppointmentEngine::test_create_appointment PASSED [ 14%]
tests/test_deep_addiction.py::TestAppointmentEngine::test_get_upcoming PASSED [ 14%]
tests/test_deep_addiction.py::TestAppointmentEngine::test_mark_completed PASSED [ 14%]
tests/test_deep_addiction.py::TestAppointmentEngine::test_appointment_nudge PASSED [ 15%]
tests/test_deep_addiction.py::TestScarcityEngine::test_golden_question_unlock PASSED [ 15%]
tests/test_deep_addiction.py::TestScarcityEngine::test_diamond_challenge_locked PASSED [ 15%]
tests/test_deep_addiction.py::TestScarcityEngine::test_daily_rarity_drop PASSED [ 15%]
tests/test_deep_addiction.py::TestSerendipityEngine::test_roll_returns_dict PASSED [ 16%]
tests/test_deep_addiction.py::TestSerendipityEngine::test_most_rolls_no_event PASSED [ 16%]
tests/test_duolingo.py::TestXPEngine::test_award_xp_basic PASSED         [ 16%]
tests/test_duolingo.py::TestXPEngine::test_award_xp_with_streak PASSED   [ 16%]
tests/test_duolingo.py::TestXPEngine::test_xp_boost PASSED               [ 16%]
tests/test_duolingo.py::TestXPEngine::test_level_up PASSED               [ 17%]
tests/test_duolingo.py::TestXPEngine::test_boost_tick PASSED             [ 17%]
tests/test_duolingo.py::TestXPEngine::test_no_boosts_left PASSED         [ 17%]
tests/test_duolingo.py::TestLeagueEngine::test_standings PASSED          [ 17%]
tests/test_duolingo.py::TestLeagueEngine::test_promotion PASSED          [ 18%]
tests/test_duolingo.py::TestLeagueEngine::test_no_promotion_mid_rank PASSED [ 18%]
tests/test_duolingo.py::TestDuolingoStreakEngine::test_check_in_first_time PASSED [ 18%]
tests/test_duolingo.py::TestDuolingoStreakEngine::test_streak_freeze_used PASSED [ 18%]
tests/test_duolingo.py::TestDuolingoStreakEngine::test_reminder_generation PASSED [ 18%]
tests/test_duolingo.py::TestDuolingoStreakEngine::test_fire_level PASSED [ 19%]
tests/test_duolingo.py::TestFriendQuestEngine::test_create_quest PASSED  [ 19%]
tests/test_duolingo.py::TestFriendQuestEngine::test_contribute_xp PASSED [ 19%]
tests/test_duolingo.py::TestFriendQuestEngine::test_quest_completion PASSED [ 19%]
tests/test_duolingo.py::TestTimeBasedBonus::test_returns_dict PASSED     [ 20%]
tests/test_duolingo.py::TestMonthlyChallenge::test_get_challenge PASSED  [ 20%]
tests/test_duolingo.py::TestMonthlyChallenge::test_completion_check PASSED [ 20%]
tests/test_duolingo.py::TestMonthlyChallenge::test_incomplete PASSED     [ 20%]
tests/test_duolingo.py::TestNotificationEngine::test_generate PASSED     [ 20%]
tests/test_duolingo.py::TestDailyXPGoal::test_set_goal PASSED            [ 21%]
tests/test_duolingo.py::TestDailyXPGoal::test_completion PASSED          [ 21%]
tests/test_duolingo.py::TestDailyXPGoal::test_not_complete PASSED        [ 21%]
tests/test_learning_methods.py::TestLearningMethodEngine::test_loading_tip PASSED [ 21%]
tests/test_learning_methods.py::TestLearningMethodEngine::test_post_question_correct PASSED [ 22%]
tests/test_learning_methods.py::TestLearningMethodEngine::test_post_question_incorrect PASSED [ 22%]
tests/test_learning_methods.py::TestLearningMethodEngine::test_reflection_trigger PASSED [ 22%]
tests/test_learning_methods.py::TestLearningMethodEngine::test_reflection_not_ready PASSED [ 22%]
tests/test_learning_methods.py::TestLearningMethodEngine::test_daily_method_challenge PASSED [ 22%]
tests/test_learning_methods.py::TestMemoryPalaceEngine::test_create_palace PASSED [ 23%]
tests/test_learning_methods.py::TestMemoryPalaceEngine::test_place_knowledge PASSED [ 23%]
tests/test_learning_methods.py::TestMemoryPalaceEngine::test_recall_walkthrough PASSED [ 23%]
tests/test_learning_methods.py::TestMemoryPalaceEngine::test_no_palace PASSED [ 23%]
tests/test_learning_methods.py::TestMetacognitionDashboard::test_learning_profile PASSED [ 24%]
tests/test_learning_methods.py::TestMethodQuizEngine::test_generate_quiz PASSED [ 24%]
tests/test_learning_methods.py::TestMethodQuizEngine::test_check_correct PASSED [ 24%]
tests/test_learning_methods.py::TestMethodQuizEngine::test_check_incorrect PASSED [ 24%]
tests/test_meta_skilltree.py::TestSkillTreeEngine::test_init_skills PASSED [ 24%]
tests/test_meta_skilltree.py::TestSkillTreeEngine::test_use_skill_gains_xp PASSED [ 25%]
tests/test_meta_skilltree.py::TestSkillTreeEngine::test_use_lock_skill_refused PASSED [ 25%]
tests/test_meta_skilltree.py::TestSkillTreeEngine::test_skill_levels_up PASSED [ 25%]
tests/test_meta_skilltree.py::TestSkillTreeEngine::test_skill_tree_structure PASSED [ 25%]
tests/test_meta_skilltree.py::TestSkillTreeEngine::test_combo_bonuses PASSED [ 26%]
tests/test_meta_skilltree.py::TestSkillTreeEngine::test_categories_not_empty PASSED [ 26%]
tests/test_meta_skilltree.py::TestMethodQuestEngine::test_generate_daily_quests PASSED [ 26%]
tests/test_meta_skilltree.py::TestMethodQuestEngine::test_different_days_different_quests PASSED [ 26%]
tests/test_meta_skilltree.py::TestProficiencyEngine::test_proficiency_badge PASSED [ 26%]
tests/test_meta_skilltree.py::TestProficiencyEngine::test_global_proficiency PASSED [ 27%]
tests/test_new_features.py::TestBKTEngine::test_initial_state PASSED     [ 27%]
tests/test_new_features.py::TestBKTEngine::test_update_correct_increases_mastery PASSED [ 27%]
tests/test_new_features.py::TestBKTEngine::test_update_incorrect_decreases_mastery PASSED [ 27%]
tests/test_new_features.py::TestBKTEngine::test_repeated_correct_converges PASSED [ 28%]
tests/test_new_features.py::TestBKTEngine::test_batch_update PASSED      [ 28%]
tests/test_new_features.py::TestBKTEngine::test_recommend_difficulty_range PASSED [ 28%]
tests/test_new_features.py::TestBKTEngine::test_recommend_difficulty_scales_with_mastery PASSED [ 28%]
tests/test_new_features.py::TestBKTEngine::test_skill_report PASSED      [ 28%]
tests/test_new_features.py::TestBKTEngine::test_mastery_level_labels PASSED [ 29%]
tests/test_new_features.py::TestBKTEngine::test_parameter_adaptation PASSED [ 29%]
tests/test_new_features.py::TestNearMissDetection::test_exact_match PASSED [ 29%]
tests/test_new_features.py::TestNearMissDetection::test_numeric_near_miss PASSED [ 29%]
tests/test_new_features.py::TestNearMissDetection::test_numeric_far_away PASSED [ 30%]
tests/test_new_features.py::TestNearMissDetection::test_single_char_diff PASSED [ 30%]
tests/test_new_features.py::TestNearMissDetection::test_no_match PASSED  [ 30%]
tests/test_new_features.py::TestTreasureBox::test_initial_state PASSED   [ 30%]
tests/test_new_features.py::TestTreasureBox::test_not_yet_due PASSED     [ 30%]
tests/test_new_features.py::TestTreasureBox::test_box_triggers PASSED    [ 31%]
tests/test_new_features.py::TestTreasureBox::test_open_box_resets PASSED [ 31%]
tests/test_new_features.py::TestProximalGoals::test_initial_goals PASSED [ 31%]
tests/test_new_features.py::TestProximalGoals::test_record_question PASSED [ 31%]
tests/test_new_features.py::TestProximalGoals::test_mini_goal_completion PASSED [ 32%]
tests/test_new_features.py::TestProximalGoals::test_goal_progress_pulse PASSED [ 32%]
tests/test_new_features.py::TestEndowedProgress::test_endowed_progress_monday PASSED [ 32%]
tests/test_new_features.py::TestLossAversion::test_streak_update_first_time PASSED [ 32%]
tests/test_new_features.py::TestLossAversion::test_nudge_at_high_streak PASSED [ 32%]
tests/test_new_features.py::TestLossAversion::test_nudge_at_low_streak PASSED [ 33%]
tests/test_new_features.py::TestDopamineRhythm::test_correct_rhythm PASSED [ 33%]
tests/test_new_features.py::TestDopamineRhythm::test_near_miss_rhythm PASSED [ 33%]
tests/test_new_features.py::TestDopamineRhythm::test_incorrect_rhythm PASSED [ 33%]
tests/test_new_features.py::TestEnhancedRiskMonitor::test_normal_usage PASSED [ 34%]
tests/test_new_features.py::TestEnhancedRiskMonitor::test_daily_usage_red PASSED [ 34%]
tests/test_new_features.py::TestEnhancedRiskMonitor::test_consecutive_failure_intervention PASSED [ 34%]
tests/test_new_features.py::TestEnhancedRiskMonitor::test_repeated_skill_switch PASSED [ 34%]
tests/test_new_features.py::TestEnhancedRiskMonitor::test_consecutive_usage_red PASSED [ 34%]
tests/test_new_features.py::TestEnhancedRiskMonitor::test_consecutive_usage_yellow PASSED [ 35%]
tests/test_new_features.py::TestEnhancedRiskMonitor::test_consecutive_usage_green PASSED [ 35%]
tests/test_new_features.py::TestEnhancedRiskMonitor::test_repeated_skill_check PASSED [ 35%]
tests/test_new_features.py::TestEnhancedRiskMonitor::test_repeated_skill_ok PASSED [ 35%]
tests/test_new_features.py::TestEnhancedRiskMonitor::test_consecutive_failure_alert PASSED [ 36%]
tests/test_new_features.py::TestEnhancedRiskMonitor::test_consecutive_failure_ok PASSED [ 36%]
tests/test_new_features.py::TestEnhancedRiskMonitor::test_is_night_time PASSED [ 36%]
tests/test_new_features.py::TestNearMissFeedback::test_near_miss_feedback_structure PASSED [ 36%]
tests/test_new_features.py::TestNearMissFeedback::test_dopamine_rhythm_correct PASSED [ 36%]
tests/test_new_features.py::TestNearMissFeedback::test_dopamine_rhythm_near_miss PASSED [ 37%]
tests/test_new_features.py::TestNearMissFeedback::test_dopamine_rhythm_incorrect PASSED [ 37%]
tests/test_new_features_2.py::TestMinorProtectionEngine::test_age_groups PASSED [ 37%]
tests/test_new_features_2.py::TestMinorProtectionEngine::test_daily_limits_by_age PASSED [ 37%]
tests/test_new_features_2.py::TestMinorProtectionEngine::test_consecutive_limits_by_age PASSED [ 38%]
tests/test_new_features_2.py::TestMinorProtectionEngine::test_is_minor PASSED [ 38%]
tests/test_new_features_2.py::TestMinorProtectionEngine::test_session_active PASSED [ 38%]
tests/test_new_features_2.py::TestMinorProtectionEngine::test_daily_limit_reached PASSED [ 38%]
tests/test_new_features_2.py::TestMinorProtectionEngine::test_rest_required PASSED [ 38%]
tests/test_new_features_2.py::TestMinorProtectionEngine::test_record_rest_resets_consecutive PASSED [ 39%]
tests/test_new_features_2.py::TestMinorProtectionEngine::test_record_usage_minute PASSED [ 39%]
tests/test_new_features_2.py::TestMinorProtectionEngine::test_parent_custom_limit PASSED [ 39%]
tests/test_new_features_2.py::TestMinorProtectionEngine::test_parent_report PASSED [ 39%]
tests/test_new_features_2.py::TestPeakEndEngine::test_empty_session PASSED [ 40%]
tests/test_new_features_2.py::TestPeakEndEngine::test_full_session PASSED [ 40%]
tests/test_new_features_2.py::TestPeakEndEngine::test_peak_detection PASSED [ 40%]
tests/test_new_features_2.py::TestZeigarnikEngine::test_save_and_retrieve PASSED [ 40%]
tests/test_new_features_2.py::TestZeigarnikEngine::test_max_3_reminders PASSED [ 40%]
tests/test_new_features_2.py::TestZeigarnikEngine::test_clear_after_completion PASSED [ 41%]
tests/test_new_features_2.py::TestIKEAEngine::test_customize_pet_name PASSED [ 41%]
tests/test_new_features_2.py::TestIKEAEngine::test_set_personal_goal PASSED [ 41%]
tests/test_new_features_2.py::TestIKEAEngine::test_ownership_summary PASSED [ 41%]
tests/test_new_features_2.py::TestSocialProofEngine::test_class_mastery_nudge_encourage PASSED [ 42%]
tests/test_new_features_2.py::TestSocialProofEngine::test_class_mastery_nudge_pride PASSED [ 42%]
tests/test_new_features_2.py::TestSocialProofEngine::test_active_learners PASSED [ 42%]
tests/test_new_features_2.py::TestSocialProofEngine::test_help_prompt PASSED [ 42%]
tests/test_new_features_2.py::TestAutonomyEngine::test_offer_choice_difficulty PASSED [ 42%]
tests/test_new_features_2.py::TestAutonomyEngine::test_offer_choice_session PASSED [ 43%]
tests/test_new_features_2.py::TestAutonomyEngine::test_provide_rationale_rest PASSED [ 43%]
tests/test_new_features_2.py::TestAutonomyEngine::test_provide_rationale_unknown PASSED [ 43%]
tests/test_onboarding.py::TestOnboardingEngine::test_student_onboarding_has_12_steps PASSED [ 43%]
tests/test_onboarding.py::TestOnboardingEngine::test_teacher_onboarding_has_10_steps PASSED [ 44%]
tests/test_onboarding.py::TestOnboardingEngine::test_parent_onboarding_has_8_steps PASSED [ 44%]
tests/test_onboarding.py::TestOnboardingEngine::test_first_step_for_new_user PASSED [ 44%]
tests/test_onboarding.py::TestOnboardingEngine::test_second_step_after_first_done PASSED [ 44%]
tests/test_onboarding.py::TestOnboardingEngine::test_complete_onboarding PASSED [ 44%]
tests/test_onboarding.py::TestOnboardingEngine::test_complete_step_gives_reward PASSED [ 45%]
tests/test_onboarding.py::TestOnboardingEngine::test_skip_onboarding PASSED [ 45%]
tests/test_onboarding.py::TestOnboardingEngine::test_unknown_role_defaults_student PASSED [ 45%]
tests/test_onboarding.py::TestContextualHelpEngine::test_first_error_help PASSED [ 45%]
tests/test_onboarding.py::TestContextualHelpEngine::test_idle_help PASSED [ 46%]
tests/test_onboarding.py::TestFeatureDiscoveryEngine::test_student_session_1 PASSED [ 46%]
tests/test_onboarding.py::TestFeatureDiscoveryEngine::test_student_session_7 PASSED [ 46%]
tests/test_onboarding.py::TestFeatureDiscoveryEngine::test_teacher_session_2 PASSED [ 46%]
tests/test_onboarding.py::TestFeatureDiscoveryEngine::test_no_features_at_wrong_count PASSED [ 46%]
tests/test_optimal_difficulty.py::Test85PercentRule::test_optimal_error_rate PASSED [ 47%]
tests/test_optimal_difficulty.py::Test85PercentRule::test_max_learning_rate_at_optimal PASSED [ 47%]
tests/test_optimal_difficulty.py::Test85PercentRule::test_difficulty_signal_signs PASSED [ 47%]
tests/test_optimal_difficulty.py::Test85PercentRule::test_difficulty_signal_range PASSED [ 47%]
tests/test_optimal_difficulty.py::Test85PercentRule::test_erfinv_accuracy PASSED [ 48%]
tests/test_optimal_difficulty.py::Test85PercentRule::test_distribution_targets PASSED [ 48%]
tests/test_optimal_difficulty.py::TestFSRSStyleDifficulty::test_initial_difficulty_easy PASSED [ 48%]
tests/test_optimal_difficulty.py::TestFSRSStyleDifficulty::test_initial_difficulty_hard PASSED [ 48%]
tests/test_optimal_difficulty.py::TestFSRSStyleDifficulty::test_update_converges PASSED [ 48%]
tests/test_optimal_difficulty.py::TestFSRSStyleDifficulty::test_update_stays_in_bounds PASSED [ 49%]
tests/test_optimal_difficulty.py::TestFSRSStyleDifficulty::test_mean_reversion PASSED [ 49%]
tests/test_optimal_difficulty.py::TestEloRating::test_expected_score_equal PASSED [ 49%]
tests/test_optimal_difficulty.py::TestEloRating::test_expected_score_stronger PASSED [ 49%]
tests/test_optimal_difficulty.py::TestEloRating::test_expected_score_weaker PASSED [ 50%]
tests/test_optimal_difficulty.py::TestEloRating::test_k_factor_decay PASSED [ 50%]
tests/test_optimal_difficulty.py::TestEloRating::test_update_increases_on_win PASSED [ 50%]
tests/test_optimal_difficulty.py::TestEloRating::test_update_decreases_on_loss PASSED [ 50%]
tests/test_optimal_difficulty.py::TestEloRating::test_rd_decreases_with_experience PASSED [ 51%]
tests/test_optimal_difficulty.py::TestFlowChannel::test_optimal_85_percent_delta PASSED [ 51%]
tests/test_optimal_difficulty.py::TestFlowChannel::test_50_percent_delta_zero PASSED [ 51%]
tests/test_optimal_difficulty.py::TestFlowChannel::test_classify_zones PASSED [ 51%]
tests/test_optimal_difficulty.py::TestFlowChannel::test_zone_boundaries_increasing PASSED [ 51%]
tests/test_optimal_difficulty.py::TestOptimalDifficultyEngine::test_default_student_gives_mid_difficulty PASSED [ 52%]
tests/test_optimal_difficulty.py::TestOptimalDifficultyEngine::test_strong_student_gets_harder PASSED [ 52%]
tests/test_optimal_difficulty.py::TestOptimalDifficultyEngine::test_weak_student_gets_easier PASSED [ 52%]
tests/test_optimal_difficulty.py::TestOptimalDifficultyEngine::test_high_success_adjusts_up PASSED [ 52%]
tests/test_optimal_difficulty.py::TestOptimalDifficultyEngine::test_low_success_adjusts_down PASSED [ 53%]
tests/test_optimal_difficulty.py::TestOptimalDifficultyEngine::test_optimal_is_in_flow_zone PASSED [ 53%]
tests/test_optimal_difficulty.py::TestOptimalDifficultyEngine::test_student_update_works PASSED [ 53%]
tests/test_optimal_difficulty.py::TestOptimalDifficultyEngine::test_task_difficulty_update_easy PASSED [ 53%]
tests/test_optimal_difficulty.py::TestOptimalDifficultyEngine::test_task_ranking PASSED [ 53%]
tests/test_optimal_difficulty.py::TestOptimalDifficultyEngine::test_explanation_non_empty PASSED [ 54%]
tests/test_optimal_difficulty.py::TestOptimalDifficultyEngine::test_learning_rate_factor_range PASSED [ 54%]
tests/test_optimal_difficulty.py::TestEdgeCases::test_extreme_theta PASSED [ 54%]
tests/test_optimal_difficulty.py::TestEdgeCases::test_extreme_success_rate PASSED [ 54%]
tests/test_optimal_difficulty.py::TestEdgeCases::test_zero_attempts PASSED [ 55%]
tests/test_optimal_difficulty.py::TestEdgeCases::test_task_ranking_empty PASSED [ 55%]
tests/test_placement_test.py::TestAdaptivePlacementEngine::test_start_test PASSED [ 55%]
tests/test_placement_test.py::TestAdaptivePlacementEngine::test_get_next_question PASSED [ 55%]
tests/test_placement_test.py::TestAdaptivePlacementEngine::test_submit_correct_increases_difficulty PASSED [ 55%]
tests/test_placement_test.py::TestAdaptivePlacementEngine::test_submit_incorrect_decreases_difficulty PASSED [ 56%]
tests/test_placement_test.py::TestAdaptivePlacementEngine::test_convergence_detected PASSED [ 56%]
tests/test_placement_test.py::TestAdaptivePlacementEngine::test_generate_result PASSED [ 56%]
tests/test_placement_test.py::TestAdaptivePlacementEngine::test_difficulty_bounds PASSED [ 56%]
tests/test_placement_test.py::TestAdaptivePlacementEngine::test_difficulty_bounds_low PASSED [ 57%]
tests/test_placement_test.py::TestAdaptivePlacementEngine::test_max_questions_enforced PASSED [ 57%]
tests/test_placement_test.py::TestAdaptiveQuestionSelector::test_select_initial_questions PASSED [ 57%]
tests/test_placement_test.py::TestPlacementTestGuide::test_guide_step PASSED [ 57%]
tests/test_positive_addiction.py::TestHookEngine::test_trigger_external_pet PASSED [ 57%]
tests/test_positive_addiction.py::TestHookEngine::test_trigger_social_peer PASSED [ 58%]
tests/test_positive_addiction.py::TestHookEngine::test_action_reduces_friction PASSED [ 58%]
tests/test_positive_addiction.py::TestHookEngine::test_reward_correct_with_streak PASSED [ 58%]
tests/test_positive_addiction.py::TestHookEngine::test_reward_incorrect_still_has_reward PASSED [ 58%]
tests/test_positive_addiction.py::TestHookEngine::test_investment_builds_sunk_cost PASSED [ 59%]
tests/test_positive_addiction.py::TestHookEngine::test_investment_streak_protection PASSED [ 59%]
tests/test_positive_addiction.py::TestHookEngine::test_full_hook_cycle PASSED [ 59%]
tests/test_positive_addiction.py::TestHabitLoopEngine::test_set_time_cue PASSED [ 59%]
tests/test_positive_addiction.py::TestHabitLoopEngine::test_set_after_event_cue PASSED [ 59%]
tests/test_positive_addiction.py::TestHabitLoopEngine::test_record_session_strengthens_habit PASSED [ 60%]
tests/test_positive_addiction.py::TestHabitLoopEngine::test_habit_phases PASSED [ 60%]
tests/test_positive_addiction.py::TestIdentityEngine::test_no_identity_yet PASSED [ 60%]
tests/test_positive_addiction.py::TestIdentityEngine::test_persistent_identity PASSED [ 60%]
tests/test_positive_addiction.py::TestIdentityEngine::test_multiple_identities PASSED [ 61%]
tests/test_positive_addiction.py::TestIdentityEngine::test_growth_mindset_nudge PASSED [ 61%]
tests/test_positive_addiction.py::TestCommitmentEscalator::test_first_commitment_offer PASSED [ 61%]
tests/test_positive_addiction.py::TestCommitmentEscalator::test_accept_commitment PASSED [ 61%]
tests/test_positive_addiction.py::TestCommitmentEscalator::test_celebrate_fulfillment PASSED [ 61%]
tests/test_positive_addiction.py::TestCommitmentEscalator::test_full_ladder PASSED [ 62%]
tests/test_positive_addiction.py::TestSocialContagionEngine::test_social_proof_moment PASSED [ 62%]
tests/test_positive_addiction.py::TestSocialContagionEngine::test_friendly_competition_nudge_no_ranking PASSED [ 62%]
tests/test_positive_addiction.py::TestSocialContagionEngine::test_ripple_effect PASSED [ 62%]
tests/test_positive_addiction.py::TestSocialContagionEngine::test_ripple_effect_zero PASSED [ 63%]
tests/test_positive_addiction.py::TestInstantGratificationEngine::test_correct_instant_feedback PASSED [ 63%]
tests/test_positive_addiction.py::TestInstantGratificationEngine::test_correct_long_streak_feedback PASSED [ 63%]
tests/test_positive_addiction.py::TestInstantGratificationEngine::test_incorrect_gentle_feedback PASSED [ 63%]
tests/test_positive_addiction.py::TestInstantGratificationEngine::test_progress_pulse PASSED [ 63%]
tests/test_positive_addiction.py::TestProgressVisualizationEngine::test_weekly_growth_report PASSED [ 64%]
tests/test_positive_addiction.py::TestProgressVisualizationEngine::test_knowledge_map PASSED [ 64%]
tests/test_services.py::TestDDAEngine::test_too_easy_increases_difficulty PASSED [ 64%]
tests/test_services.py::TestDDAEngine::test_too_hard_decreases_difficulty PASSED [ 64%]
tests/test_services.py::TestDDAEngine::test_flow_zone_maintains PASSED   [ 65%]
tests/test_services.py::TestDDAEngine::test_empty_results_default PASSED [ 65%]
tests/test_services.py::TestDDAEngine::test_single_result PASSED         [ 65%]
tests/test_services.py::TestDDAEngine::test_difficulty_bounds PASSED     [ 65%]
tests/test_services.py::TestDDAEngine::test_with_time_slow_but_correct PASSED [ 65%]
tests/test_services.py::TestDDAEngine::test_micro_adjust_upper_boundary PASSED [ 66%]
tests/test_services.py::TestDDAEngine::test_micro_adjust_lower_boundary PASSED [ 66%]
tests/test_services.py::TestPetService::test_correct_easy PASSED         [ 66%]
tests/test_services.py::TestPetService::test_correct_hard_retry PASSED   [ 66%]
tests/test_services.py::TestPetService::test_correct_with_hints_reduces_reward PASSED [ 67%]
tests/test_services.py::TestPetService::test_wrong_retry_gives_persistence PASSED [ 67%]
tests/test_services.py::TestPetService::test_wrong_skip_penalizes PASSED [ 67%]
tests/test_services.py::TestPetService::test_wrong_watch_tutorial_gives_understanding PASSED [ 67%]
tests/test_services.py::TestPetService::test_apply_update_clamps_values PASSED [ 67%]
tests/test_services.py::TestPetService::test_level_evolution PASSED      [ 68%]
tests/test_services.py::TestPetService::test_collaboration_helped_other PASSED [ 68%]
tests/test_services.py::TestPetService::test_repetition_decay PASSED     [ 68%]
tests/test_services.py::TestFeedbackService::test_correct_feedback_structure PASSED [ 68%]
tests/test_services.py::TestFeedbackService::test_incorrect_feedback_has_recovery PASSED [ 69%]
tests/test_services.py::TestFeedbackService::test_high_streak_gives_badge PASSED [ 69%]
tests/test_services.py::TestFeedbackService::test_identity_reinforcement PASSED [ 69%]
tests/test_services.py::TestFeedbackService::test_rest_reminder_90min PASSED [ 69%]
tests/test_services.py::TestFeedbackService::test_rest_reminder_60min PASSED [ 69%]
tests/test_services.py::TestFeedbackService::test_relaxation_guide PASSED [ 70%]
tests/test_services.py::TestFeedbackService::test_encouragement_high_failure PASSED [ 70%]
tests/test_services.py::TestFeedbackService::test_encouragement_low_failure PASSED [ 70%]
tests/test_services.py::TestFeedbackService::test_streak_badge_thresholds PASSED [ 70%]
tests/test_services.py::TestSpacedRepetition::test_correct_review_sequence PASSED [ 71%]
tests/test_services.py::TestSpacedRepetition::test_wrong_review_shortens_interval PASSED [ 71%]
tests/test_services.py::TestSpacedRepetition::test_max_interval_capped PASSED [ 71%]
tests/test_services.py::TestSpacedRepetition::test_min_interval PASSED   [ 71%]
tests/test_services.py::TestSpacedRepetition::test_estimate_mastery PASSED [ 71%]
tests/test_services.py::TestRiskMonitor::test_normal_usage PASSED        [ 72%]
tests/test_services.py::TestRiskMonitor::test_daily_usage_red PASSED     [ 72%]
tests/test_services.py::TestRiskMonitor::test_night_usage_red PASSED     [ 72%]
tests/test_services.py::TestRiskMonitor::test_skip_ratio_warning PASSED  [ 72%]
tests/test_services.py::TestRiskMonitor::test_consecutive_usage_red PASSED [ 73%]
tests/test_services.py::TestRiskMonitor::test_consecutive_usage_yellow PASSED [ 73%]
tests/test_services.py::TestRiskMonitor::test_consecutive_usage_green PASSED [ 73%]
tests/test_services.py::TestRiskMonitor::test_is_night_time PASSED       [ 73%]
tests/test_services.py::TestRiskMonitor::test_empty_snapshots PASSED     [ 73%]
tests/test_services.py::TestRiskMonitor::test_low_hard_task_ratio_alert PASSED [ 74%]
tests/test_services.py::TestAuth::test_password_roundtrip PASSED         [ 74%]
tests/test_services.py::TestAuth::test_different_salts PASSED            [ 74%]
tests/test_services.py::TestAuth::test_token_roundtrip PASSED            [ 74%]
tests/test_services.py::TestAuth::test_token_expiry PASSED               [ 75%]
tests/test_services.py::TestAuth::test_invalid_token PASSED              [ 75%]
tests/test_services.py::TestAuth::test_refresh_token_type PASSED         [ 75%]
tests/test_services.py::TestConfig::test_defaults PASSED                 [ 75%]
tests/test_services.py::TestConfig::test_jwt_settings PASSED             [ 75%]
tests/test_services.py::TestConfig::test_dda_window PASSED               [ 76%]
tests/test_social_system.py::TestBusinessCardEngine::test_create_card PASSED [ 76%]
tests/test_social_system.py::TestBusinessCardEngine::test_update_from_stats PASSED [ 76%]
tests/test_social_system.py::TestBusinessCardEngine::test_to_display_json PASSED [ 76%]
tests/test_social_system.py::TestBusinessCardEngine::test_avatar_frame_progression PASSED [ 77%]
tests/test_social_system.py::TestSocialAddictionEngine::test_cheer_peer PASSED [ 77%]
tests/test_social_system.py::TestSocialAddictionEngine::test_social_score PASSED [ 77%]
tests/test_social_system.py::TestSocialAddictionEngine::test_peer_suggestions PASSED [ 77%]
tests/test_social_system.py::TestParentPortalEngine::test_weekly_digest PASSED [ 77%]
tests/test_social_system.py::TestParentPortalEngine::test_teacher_message_progress PASSED [ 78%]
tests/test_social_system.py::TestParentPortalEngine::test_teacher_message_addiction_good PASSED [ 78%]
tests/test_social_system.py::TestParentPortalEngine::test_parent_actions PASSED [ 78%]
tests/test_social_system.py::TestGiftEconomyEngine::test_can_send_gift_yes PASSED [ 78%]
tests/test_social_system.py::TestGiftEconomyEngine::test_can_send_gift_no PASSED [ 79%]
tests/test_social_system.py::TestGiftEconomyEngine::test_send_gift PASSED [ 79%]
tests/test_social_system.py::TestGiftEconomyEngine::test_expensive_gift_costs_real_streak PASSED [ 79%]
tests/test_student_flow.py::TestOnboardingService::test_ensure_default_pet_creates_pet_when_none PASSED [ 79%]
tests/test_student_flow.py::TestOnboardingService::test_ensure_default_pet_returns_existing_pet PASSED [ 79%]
tests/test_student_flow.py::TestOnboardingService::test_ensure_default_skill_profile_creates_profiles PASSED [ 80%]
tests/test_student_flow.py::TestOnboardingService::test_ensure_default_consents_sets_relaxation_guide PASSED [ 80%]
tests/test_student_flow.py::TestLearningOrchestrator::test_compare_answer_normalizes_strings PASSED [ 80%]
tests/test_student_flow.py::TestLearningOrchestrator::test_compute_fused_difficulty_respects_bounds PASSED [ 80%]
tests/test_student_flow.py::TestLearningOrchestrator::test_compute_fused_difficulty_uses_weights PASSED [ 81%]
tests/test_student_flow.py::TestGamificationService::test_open_box_returns_reward PASSED [ 81%]
tests/test_student_flow.py::TestGamificationService::test_should_open_box_when_threshold_reached PASSED [ 81%]
tests/test_student_flow.py::TestGamificationService::test_should_not_open_box_before_threshold PASSED [ 81%]
tests/test_student_flow.py::TestGamificationService::test_near_miss_detector_numeric PASSED [ 81%]
tests/test_student_flow.py::TestGamificationService::test_near_miss_detector_fraction_swap PASSED [ 82%]
tests/test_student_flow.py::TestGamificationService::test_near_miss_detector_one_char_diff PASSED [ 82%]
tests/test_student_flow.py::TestGamificationService::test_update_streak_extends_on_consecutive_day PASSED [ 82%]
tests/test_student_flow.py::TestGamificationService::test_update_streak_resets_on_gap PASSED [ 82%]
tests/test_student_flow.py::TestGamificationService::test_update_streak_uses_shield PASSED [ 83%]
tests/test_student_flow.py::TestGamificationService::test_record_question_completion_triggers_mini_goal PASSED [ 83%]
tests/test_student_flow.py::TestDuolingoEngine::test_xp_engine_award_xp_increases_total PASSED [ 83%]
tests/test_student_flow.py::TestDuolingoEngine::test_xp_engine_leveled_up PASSED [ 83%]
tests/test_student_flow.py::TestDuolingoEngine::test_streak_check_in_extends PASSED [ 83%]
tests/test_student_flow.py::TestDuolingoEngine::test_streak_check_in_freezes PASSED [ 84%]
tests/test_student_flow.py::TestTeamCompetition::test_create_team_validates_tag_length PASSED [ 84%]
tests/test_student_flow.py::TestTeamCompetition::test_create_team_succeeds PASSED [ 84%]
tests/test_student_flow.py::TestTeamCompetition::test_join_team_adds_member PASSED [ 84%]
tests/test_student_flow.py::TestTeamCompetition::test_solo_rank_win_increases_lp PASSED [ 85%]
tests/test_student_flow.py::TestSkillTree::test_init_player_skills_unlocks_basic_methods PASSED [ 85%]
tests/test_student_flow.py::TestSkillTree::test_use_skill_gains_xp PASSED [ 85%]
tests/test_student_flow.py::TestSkillTree::test_get_skill_tree_returns_categories PASSED [ 85%]
tests/test_student_flow.py::TestSkillTree::test_daily_quests_generated PASSED [ 85%]
tests/test_teacher_ai.py::TestTeacherAIAssistant::test_analyze_student PASSED [ 86%]
tests/test_teacher_ai.py::TestTeacherAIAssistant::test_analyze_risk_red PASSED [ 86%]
tests/test_teacher_ai.py::TestTeacherAIAssistant::test_calculate_engagement PASSED [ 86%]
tests/test_teacher_ai.py::TestTeacherAIAssistant::test_addiction_stage PASSED [ 86%]
tests/test_teacher_ai.py::TestTeacherAIAssistant::test_suggest_difficulty_adjustment PASSED [ 87%]
tests/test_teacher_ai.py::TestTeacherAIAssistant::test_suggest_difficulty_down PASSED [ 87%]
tests/test_teacher_ai.py::TestTeacherAIAssistant::test_trend_detection PASSED [ 87%]
tests/test_teacher_ai.py::TestTeacherAIAssistant::test_analyze_classroom PASSED [ 87%]
tests/test_teacher_ai.py::TestTeacherAIAssistant::test_batch_adjust_difficulty PASSED [ 87%]
tests/test_teacher_ai.py::TestFrontendSeparation::test_student_endpoints_exist PASSED [ 88%]
tests/test_teacher_ai.py::TestFrontendSeparation::test_teacher_endpoints_exist PASSED [ 88%]
tests/test_teacher_ai.py::TestFrontendSeparation::test_teacher_ai_endpoints PASSED [ 88%]
tests/test_team_competition.py::TestSoloRankEngine::test_initial_rank PASSED [ 88%]
tests/test_team_competition.py::TestSoloRankEngine::test_win_gains_lp PASSED [ 89%]
tests/test_team_competition.py::TestSoloRankEngine::test_loss_loses_lp PASSED [ 89%]
tests/test_team_competition.py::TestSoloRankEngine::test_win_streak_bonus PASSED [ 89%]
tests/test_team_competition.py::TestSoloRankEngine::test_promotion_series_triggers PASSED [ 89%]
tests/test_team_competition.py::TestSoloRankEngine::test_get_rank_display PASSED [ 89%]
tests/test_team_competition.py::TestSoloRankEngine::test_promotion_through_divisions PASSED [ 90%]
tests/test_team_competition.py::TestTeamManagementEngine::test_create_team PASSED [ 90%]
tests/test_team_competition.py::TestTeamManagementEngine::test_join_team PASSED [ 90%]
tests/test_team_competition.py::TestTeamManagementEngine::test_cannot_join_full_team PASSED [ 90%]
tests/test_team_competition.py::TestTeamManagementEngine::test_leave_team PASSED [ 91%]
tests/test_team_competition.py::TestTeamManagementEngine::test_list_teams PASSED [ 91%]
tests/test_team_competition.py::TestTeamLeagueEngine::test_record_contribution PASSED [ 91%]
tests/test_team_competition.py::TestTeamLeagueEngine::test_subject_leaderboard PASSED [ 91%]
tests/test_team_competition.py::TestTeamLeagueEngine::test_global_leaderboard PASSED [ 91%]
tests/test_team_competition.py::TestMVPEngine::test_calculate_mvp PASSED [ 92%]
tests/test_team_competition.py::TestMVPEngine::test_mvp_badge PASSED     [ 92%]
tests/test_team_competition.py::TestTeamMatchEngine::test_create_match PASSED [ 92%]
tests/test_team_competition.py::TestTeamMatchEngine::test_contribute_to_match PASSED [ 92%]
tests/test_team_competition.py::TestTeamMatchEngine::test_match_status PASSED [ 93%]
tests/test_team_competition.py::TestSeasonEngine::test_season_info PASSED [ 93%]
tests/test_team_competition.py::TestSeasonEngine::test_season_reward PASSED [ 93%]
tests/test_team_competition.py::TestSeasonEngine::test_end_season PASSED [ 93%]
tests/test_ux_addiction.py::TestMicroInteractionEngine::test_answer_submit_correct PASSED [ 93%]
tests/test_ux_addiction.py::TestMicroInteractionEngine::test_answer_submit_streak_boost PASSED [ 94%]
tests/test_ux_addiction.py::TestMicroInteractionEngine::test_loading_anticipation PASSED [ 94%]
tests/test_ux_addiction.py::TestMicroInteractionEngine::test_instant_loading PASSED [ 94%]
tests/test_ux_addiction.py::TestProgressiveDisclosureEngine::test_first_session_minimal_ui PASSED [ 94%]
tests/test_ux_addiction.py::TestProgressiveDisclosureEngine::test_tenth_session_more_unlocked PASSED [ 95%]
tests/test_ux_addiction.py::TestProgressiveDisclosureEngine::test_full_unlock_at_30 PASSED [ 95%]
tests/test_ux_addiction.py::TestProgressiveDisclosureEngine::test_reveal_moment PASSED [ 95%]
tests/test_ux_addiction.py::TestColorPsychologyEngine::test_success_palette PASSED [ 95%]
tests/test_ux_addiction.py::TestColorPsychologyEngine::test_gradient_pair PASSED [ 95%]
tests/test_ux_addiction.py::TestColorPsychologyEngine::test_emotional_palette PASSED [ 96%]
tests/test_ux_addiction.py::TestSpatialAnchoringEngine::test_layout_spec PASSED [ 96%]
tests/test_ux_addiction.py::TestSpatialAnchoringEngine::test_gesture_spec PASSED [ 96%]
tests/test_ux_addiction.py::TestHapticRhythmEngine::test_correct_haptic PASSED [ 96%]
tests/test_ux_addiction.py::TestHapticRhythmEngine::test_streak_haptic PASSED [ 97%]
tests/test_ux_addiction.py::TestHapticRhythmEngine::test_idle_haptic_short PASSED [ 97%]
tests/test_ux_addiction.py::TestHapticRhythmEngine::test_idle_haptic_long PASSED [ 97%]
tests/test_ux_addiction.py::TestEmptyStateEngine::test_no_questions PASSED [ 97%]
tests/test_ux_addiction.py::TestEmptyStateEngine::test_almost_there PASSED [ 97%]
tests/test_ux_addiction.py::TestSonicBrandingEngine::test_correct_sound PASSED [ 98%]
tests/test_ux_addiction.py::TestSonicBrandingEngine::test_streak_sound PASSED [ 98%]
tests/test_ux_addiction.py::TestSonicBrandingEngine::test_silent_mode_alternative PASSED [ 98%]
tests/test_ux_addiction.py::TestTypographyKineticEngine::test_streak_counter_animation PASSED [ 98%]
tests/test_ux_addiction.py::TestTypographyKineticEngine::test_xp_gain_animation PASSED [ 99%]
tests/test_ux_addiction.py::TestAddictionUxOrchestrator::test_answer_ux_spec_correct PASSED [ 99%]
tests/test_ux_addiction.py::TestAddictionUxOrchestrator::test_answer_ux_spec_with_progress PASSED [ 99%]
tests/test_ux_addiction.py::TestAddictionUxOrchestrator::test_session_complete_ux_spec PASSED [ 99%]
tests/test_ux_addiction.py::TestAddictionUxOrchestrator::test_idle_ux_spec PASSED [100%]

============================== warnings summary ===============================
tests/test_services.py::TestAuth::test_token_roundtrip
tests/test_services.py::TestAuth::test_token_expiry
tests/test_services.py::TestAuth::test_refresh_token_type
  C:\Users\Administrator\.workbuddy\binaries\python\versions\3.13.12\Lib\site-packages\jose\jwt.py:311: DeprecationWarning: datetime.datetime.utcnow() is deprecated and scheduled for removal in a future version. Use timezone-aware objects to represent datetimes in UTC: datetime.datetime.now(datetime.UTC).
    now = timegm(datetime.utcnow().utctimetuple())

-- Docs: https://docs.pytest.org/en/stable/how-to/capture-warnings.html
======================= 449 passed, 3 warnings in 2.02s =======================
